<?xml version="1.0" encoding="UTF-8"?>
<testsuite name="SomaTest" tests="2" skipped="0" failures="0" errors="0" timestamp="2021-11-08T13:20:41" hostname="DESKTOP-4L3KLEO" time="0.027">
  <properties/>
  <testcase name="sumNumTest" classname="SomaTest" time="0.027"/>
  <testcase name="verificarNumNegativo" classname="SomaTest" time="0.0"/>
  <system-out><![CDATA[]]></system-out>
  <system-err><![CDATA[]]></system-err>
</testsuite>
